01_ip5_fram_0_setun.txs
02_ip5_fram_z_setun.txs
03_ip5_drum_1w_setun.txs
04_ip5_drum_1x_setun.txs
05_ip5_drum_1y_setun.txs
07_ip5_drum_1z_setun.txs
08_ip5_drum_10_setun.txs
09_ip5_drum_11_setun.txs
10_ip5_drum_12_setun.txs
11_ip5_drum_13_setun.txs
12_ip5_drum_14_setun.txs
13_ip5_drum_2w_setun.txs
14_ip5_drum_2x_setun.txs
15_ip5_drum_2y_setun.txs
16_ip5_drum_2z_setun.txs
17_ip5_drum_20_setun.txs
18_ip5_drum_21_setun.txs
19_ip5_drum_22_setun.txs
20_ip5_drum_23_setun.txs
21_ip5_drum_24_setun.txs
22_ip5_drum_3w_setun.txs
23_ip5_drum_3x_setun.txs