01_algol60_fram_0_setun.txs
02_algol60_fram_z_setun.txs
03_algol60_drum_1x_setun.txs
04_algol60_drum_1y_setun.txs
05_algol60_drum_1z_setun.txs
06_algol60_drum_10_setun.txs
07_algol60_drum_11_setun.txs
08_algol60_drum_12_setun.txs
09_algol60_drum_13_setun.txs
10_algol60_drum_14_setun.txs
11_algol60_drum_2w_setun.txs
12_algol60_drum_2x_setun.txs
13_algol60_drum_2y_setun.txs
14_algol60_drum_2z_setun.txs
15_algol60_drum_20a_setun.txs
16_algol60_drum_21a_setun.txs
17_algol60_drum_22a_setun.txs
18_algol60_drum_20_setun.txs
19_algol60_drum_21_setun.txs
20_algol60_drum_22_setun.txs
21_algol60_drum_1b_setun.txs
22_algol60_drum_1c_setun.txs